<?xml version="1.0" encoding="UTF-8"?>
<!-- Generated by org.testng.reporters.JUnitReportReporter -->
<testsuite hostname="B1511F1L" name="testCases.Sample" tests="1" failures="0" timestamp="20 Mar 2016 12:01:20 GMT" time="23.280" errors="0">
  <testcase name="openURL" time="23.280" classname="testCases.Sample"/>
</testsuite> <!-- testCases.Sample -->
