<?xml version="1.0" encoding="UTF-8"?>
<!-- Generated by org.testng.reporters.JUnitReportReporter -->
<testsuite hostname="B1511F1L" name="test.java.NewTest" tests="1" failures="0" timestamp="27 Mar 2016 05:00:11 GMT" time="0.016" errors="0">
  <testcase name="maventest" time="0.016" classname="test.java.NewTest"/>
</testsuite> <!-- test.java.NewTest -->
