<?xml version="1.0" encoding="UTF-8"?>
<!-- Generated by org.testng.reporters.JUnitReportReporter -->
<testsuite hostname="B1511F1L" name="testCases.SampleTest2" tests="1" failures="0" timestamp="26 Mar 2016 09:36:12 GMT" time="8.735" errors="0">
  <testcase name="login" time="8.735" classname="testCases.SampleTest2"/>
</testsuite> <!-- testCases.SampleTest2 -->
