<?xml version="1.0" encoding="UTF-8"?>
<!-- Generated by org.testng.reporters.JUnitReportReporter -->
<testsuite hostname="B1511F1L" name="testCases.Framework_001" tests="1" failures="0" timestamp="27 Mar 2016 05:19:55 GMT" time="65.493" errors="0">
  <testcase name="test1" time="65.493" classname="testCases.Framework_001"/>
</testsuite> <!-- testCases.Framework_001 -->
