<?xml version="1.0" encoding="UTF-8"?>
<!-- Generated by org.testng.reporters.JUnitReportReporter -->
<testsuite hostname="B1511F1L" name="testCases.SampleTest" tests="1" failures="0" timestamp="21 Mar 2016 08:35:30 GMT" time="18.642" errors="0">
  <testcase name="openURL" time="18.642" classname="testCases.SampleTest"/>
</testsuite> <!-- testCases.SampleTest -->
