<?xml version="1.0" encoding="UTF-8"?>
<!-- Generated by org.testng.reporters.JUnitReportReporter -->
<testsuite hostname="B1511F1L" name="testCases.NewTest" tests="1" failures="0" timestamp="18 Mar 2016 11:19:47 GMT" time="28.857" errors="0">
  <testcase name="openURL" time="28.857" classname="testCases.NewTest"/>
</testsuite> <!-- testCases.NewTest -->
