<?xml version="1.0" encoding="UTF-8"?>
<!-- Generated by org.testng.reporters.JUnitReportReporter -->
<testsuite hostname="B1511F1L" name="testCases.Framework_002" tests="1" failures="0" timestamp="26 Mar 2016 15:40:06 GMT" time="26.039" errors="0">
  <testcase name="test2" time="26.039" classname="testCases.Framework_002"/>
</testsuite> <!-- testCases.Framework_002 -->
