<?xml version="1.0" encoding="UTF-8"?>
<!-- Generated by org.testng.reporters.JUnitReportReporter -->
<testsuite hostname="B1511F1L" name="testCases.SampleTest3" tests="1" failures="0" timestamp="26 Mar 2016 09:33:57 GMT" time="9.380" errors="0">
  <testcase name="login" time="9.380" classname="testCases.SampleTest3"/>
</testsuite> <!-- testCases.SampleTest3 -->
